  Skeleton.cpp
C:\Users\erdei\Desktop\BME\6.felev\grafika\GrafikaHaziCsomag 2023_2\GrafikaHaziCsomag\Programs\Skeleton\Skeleton\framework.h(167,17): warning C4996: 'fopen': This function or variable may be unsafe. Consider using fopen_s instead. To disable deprecation, use _CRT_SECURE_NO_WARNINGS. See online help for details.
C:\Users\erdei\Desktop\BME\6.felev\grafika\GrafikaHaziCsomag 2023_2\GrafikaHaziCsomag\Programs\Skeleton\Skeleton\Skeleton.cpp(67): warning C4305: 'argument': truncation from 'double' to 'float'
C:\Users\erdei\Desktop\BME\6.felev\grafika\GrafikaHaziCsomag 2023_2\GrafikaHaziCsomag\Programs\Skeleton\Skeleton\Skeleton.cpp(220): warning C4305: 'argument': truncation from 'double' to 'float'
C:\Users\erdei\Desktop\BME\6.felev\grafika\GrafikaHaziCsomag 2023_2\GrafikaHaziCsomag\Programs\Skeleton\Skeleton\Skeleton.cpp(222,1): warning C4305: 'argument': truncation from 'double' to 'float'
C:\Users\erdei\Desktop\BME\6.felev\grafika\GrafikaHaziCsomag 2023_2\GrafikaHaziCsomag\Programs\Skeleton\Skeleton\Skeleton.cpp(223,1): warning C4305: 'argument': truncation from 'double' to 'float'
C:\Users\erdei\Desktop\BME\6.felev\grafika\GrafikaHaziCsomag 2023_2\GrafikaHaziCsomag\Programs\Skeleton\Skeleton\Skeleton.cpp(224,1): warning C4305: 'argument': truncation from 'double' to 'float'
C:\Users\erdei\Desktop\BME\6.felev\grafika\GrafikaHaziCsomag 2023_2\GrafikaHaziCsomag\Programs\Skeleton\Skeleton\Skeleton.cpp(225,1): warning C4305: 'argument': truncation from 'double' to 'float'
C:\Users\erdei\Desktop\BME\6.felev\grafika\GrafikaHaziCsomag 2023_2\GrafikaHaziCsomag\Programs\Skeleton\Skeleton\Skeleton.cpp(226,1): warning C4305: 'argument': truncation from 'double' to 'float'
C:\Users\erdei\Desktop\BME\6.felev\grafika\GrafikaHaziCsomag 2023_2\GrafikaHaziCsomag\Programs\Skeleton\Skeleton\Skeleton.cpp(227,1): warning C4305: 'argument': truncation from 'double' to 'float'
C:\Users\erdei\Desktop\BME\6.felev\grafika\GrafikaHaziCsomag 2023_2\GrafikaHaziCsomag\Programs\Skeleton\Skeleton\Skeleton.cpp(228,1): warning C4305: 'argument': truncation from 'double' to 'float'
C:\Users\erdei\Desktop\BME\6.felev\grafika\GrafikaHaziCsomag 2023_2\GrafikaHaziCsomag\Programs\Skeleton\Skeleton\Skeleton.cpp(229,1): warning C4305: 'argument': truncation from 'double' to 'float'
C:\Users\erdei\Desktop\BME\6.felev\grafika\GrafikaHaziCsomag 2023_2\GrafikaHaziCsomag\Programs\Skeleton\Skeleton\Skeleton.cpp(230,1): warning C4305: 'argument': truncation from 'double' to 'float'
C:\Users\erdei\Desktop\BME\6.felev\grafika\GrafikaHaziCsomag 2023_2\GrafikaHaziCsomag\Programs\Skeleton\Skeleton\Skeleton.cpp(231,1): warning C4305: 'argument': truncation from 'double' to 'float'
C:\Users\erdei\Desktop\BME\6.felev\grafika\GrafikaHaziCsomag 2023_2\GrafikaHaziCsomag\Programs\Skeleton\Skeleton\Skeleton.cpp(232,1): warning C4305: 'argument': truncation from 'double' to 'float'
C:\Users\erdei\Desktop\BME\6.felev\grafika\GrafikaHaziCsomag 2023_2\GrafikaHaziCsomag\Programs\Skeleton\Skeleton\Skeleton.cpp(273,1): warning C4305: 'initializing': truncation from 'double' to 'float'
C:\Users\erdei\Desktop\BME\6.felev\grafika\GrafikaHaziCsomag 2023_2\GrafikaHaziCsomag\Programs\Skeleton\Skeleton\Skeleton.cpp(304,58): warning C4244: 'argument': conversion from 'float' to 'const unsigned int', possible loss of data
C:\Users\erdei\Desktop\BME\6.felev\grafika\GrafikaHaziCsomag 2023_2\GrafikaHaziCsomag\Programs\Skeleton\Skeleton\Skeleton.cpp(305,58): warning C4244: 'argument': conversion from 'float' to 'const unsigned int', possible loss of data
C:\Users\erdei\Desktop\BME\6.felev\grafika\GrafikaHaziCsomag 2023_2\GrafikaHaziCsomag\Programs\Skeleton\Skeleton\Skeleton.cpp(306,58): warning C4244: 'argument': conversion from 'float' to 'const unsigned int', possible loss of data
  Generating code
  3 of 344 functions ( 0.9%) were compiled, the rest were copied from previous compilation.
    0 functions were new in current compilation
    1 functions had inline decision re-evaluated but remain unchanged
  Finished generating code
  Skeleton.vcxproj -> C:\Users\erdei\Desktop\BME\6.felev\grafika\GrafikaHaziCsomag 2023_2\GrafikaHaziCsomag\Programs\Skeleton\bin\Skeleton.exe
